
Showing logs for build [32mdove-young-golang-http-0926-mas-rv84d-2[0m stage [32mmeta-pipeline[0m and container [32mstep-credential-initializer-bgst7[0m
{"level":"warn","ts":1569472307.209552,"logger":"fallback-logger","caller":"logging/config.go:69","msg":"Fetch GitHub commit ID from kodata failed: \"ref: refs/heads/master\" is not a valid GitHub commit ID"}
{"level":"info","ts":1569472307.2109416,"logger":"fallback-logger","caller":"creds-init/main.go:40","msg":"Credentials initialized."}

Showing logs for build [32mdove-young-golang-http-0926-mas-rv84d-2[0m stage [32mmeta-pipeline[0m and container [32mstep-working-dir-initializer-mfj5t[0m
{"level":"warn","ts":1569472307.875533,"logger":"fallback-logger","caller":"logging/config.go:69","msg":"Fetch GitHub commit ID from kodata failed: open /var/run/ko/HEAD: no such file or directory"}
{"level":"info","ts":1569472307.8783138,"logger":"fallback-logger","caller":"bash/main.go:65","msg":"Successfully executed command \"mkdir -p /workspace/source\""}

Showing logs for build [32mdove-young-golang-http-0926-mas-rv84d-2[0m stage [32mmeta-pipeline[0m and container [32mstep-place-tools[0m

Showing logs for build [32mdove-young-golang-http-0926-mas-rv84d-2[0m stage [32mmeta-pipeline[0m and container [32mstep-git-source-meta-dove-young-golang-http-092-ct87f[0m
{"level":"warn","ts":1569472647.1390545,"logger":"fallback-logger","caller":"logging/config.go:69","msg":"Fetch GitHub commit ID from kodata failed: \"ref: refs/heads/master\" is not a valid GitHub commit ID"}
{"level":"info","ts":1569472647.6124098,"logger":"fallback-logger","caller":"git/git.go:102","msg":"Successfully cloned https://github.com/**********/golang-http-0926.git @ f30d22c751fdb9202647f3668369cf048e0ed038 in path /workspace/source"}

Showing logs for build [32mdove-young-golang-http-0926-mas-rv84d-2[0m stage [32mmeta-pipeline[0m and container [32mstep-git-merge[0m
Using SHAs from PULL_REFS=master:f30d22c751fdb9202647f3668369cf048e0ed038
WARNING: no SHAs to merge, falling back to initial cloned commit

Showing logs for build [32mdove-young-golang-http-0926-mas-rv84d-2[0m stage [32mmeta-pipeline[0m and container [32mstep-merge-pull-refs[0m
SKIP merge-pull-refs: Nothing to merge

Showing logs for build [32mdove-young-golang-http-0926-mas-rv84d-2[0m stage [32mmeta-pipeline[0m and container [32mstep-create-effective-pipeline[0m
Deleting and cloning the Jenkins X versions repo
Cloning the Jenkins X versions repo https://github.com/**********/jenkins-x-versions.git with ref refs/heads/master to /builder/home/.**/jenkins-x-versions
Effective pipeline written to jenkins-x-effective.yml

Showing logs for build [32mdove-young-golang-http-0926-mas-rv84d-2[0m stage [32mmeta-pipeline[0m and container [32mstep-create-tekton-crds[0m
running command: echo \$(**-release-version) > VERSION

running command: ** step tag --version \$(cat VERSION)
Updating chart version in charts/golang-http-0926/Chart.yaml to 0.0.2
Updating repository in charts/golang-http-0926/values.yaml to 9.46.76.93:5000/**/**********/golang-http-0926
Updating tag in charts/golang-http-0926/values.yaml to 0.0.2
Tag v0.0.2 created and pushed to remote origin

WARNING: failed to find secret kaniko-secret in namespace **: secrets "kaniko-secret" not found
PipelineActivity for **********-golang-http-0926-master-2
Applying changes 
upserted PipelineResource **********-golang-http-0926-mas for the git repository https://github.com/**********/golang-http-0926.git
upserted Task **********-golang-http-0926-mas-rv84d-from-build-pack-2
upserted Pipeline **********-golang-http-0926-mas-rv84d-2
created PipelineRun **********-golang-http-0926-mas-rv84d-2
created PipelineStructure **********-golang-http-0926-mas-rv84d-2

Showing logs for build [32mdove-young-golang-http-0926-mas-rv84d-2[0m stage [32mfrom-build-pack[0m and container [32mstep-credential-initializer-2lsl9[0m
{"level":"warn","ts":1569472660.7307549,"logger":"fallback-logger","caller":"logging/config.go:69","msg":"Fetch GitHub commit ID from kodata failed: \"ref: refs/heads/master\" is not a valid GitHub commit ID"}
{"level":"info","ts":1569472660.7321153,"logger":"fallback-logger","caller":"creds-init/main.go:40","msg":"Credentials initialized."}

Showing logs for build [32mdove-young-golang-http-0926-mas-rv84d-2[0m stage [32mfrom-build-pack[0m and container [32mstep-working-dir-initializer-rggxg[0m
{"level":"warn","ts":1569472661.3425508,"logger":"fallback-logger","caller":"logging/config.go:69","msg":"Fetch GitHub commit ID from kodata failed: open /var/run/ko/HEAD: no such file or directory"}
{"level":"info","ts":1569472661.3465178,"logger":"fallback-logger","caller":"bash/main.go:65","msg":"Successfully executed command \"mkdir -p /workspace/source /workspace/source/charts/golang-http-0926\""}

Showing logs for build [32mdove-young-golang-http-0926-mas-rv84d-2[0m stage [32mfrom-build-pack[0m and container [32mstep-place-tools[0m

Showing logs for build [32mdove-young-golang-http-0926-mas-rv84d-2[0m stage [32mfrom-build-pack[0m and container [32mstep-git-source-dove-young-golang-http-0926-mas-q9qdt[0m
{"level":"warn","ts":1569472870.6086464,"logger":"fallback-logger","caller":"logging/config.go:69","msg":"Fetch GitHub commit ID from kodata failed: \"ref: refs/heads/master\" is not a valid GitHub commit ID"}
{"level":"info","ts":1569472871.0783305,"logger":"fallback-logger","caller":"git/git.go:102","msg":"Successfully cloned https://github.com/**********/golang-http-0926.git @ v0.0.2 in path /workspace/source"}

Showing logs for build [32mdove-young-golang-http-0926-mas-rv84d-2[0m stage [32mfrom-build-pack[0m and container [32mstep-git-merge[0m
Using SHAs from PULL_REFS=master:f30d22c751fdb9202647f3668369cf048e0ed038
WARNING: no SHAs to merge, falling back to initial cloned commit

Showing logs for build [32mdove-young-golang-http-0926-mas-rv84d-2[0m stage [32mfrom-build-pack[0m and container [32mstep-setup-jx-git-credentials[0m
Generated Git credentials file /workspace/xdg_config/git/credentials

Showing logs for build [32mdove-young-golang-http-0926-mas-rv84d-2[0m stage [32mfrom-build-pack[0m and container [32mstep-build-make-build[0m
CGO_ENABLED=0 GO15VENDOREXPERIMENT=1 go build -ldflags '' -o bin/golang-http-0926 main.go

Showing logs for build [32mdove-young-golang-http-0926-mas-rv84d-2[0m stage [32mfrom-build-pack[0m and container [32mstep-build-container-build[0m
[36mINFO[0m[0000] No base image, nothing to extract            
[36mINFO[0m[0000] cmd: EXPOSE                                  
[36mINFO[0m[0000] Adding exposed port: 8080/tcp                
[36mINFO[0m[0000] Using files from context: [/workspace/source/bin] 
[36mINFO[0m[0000] Skipping unpacking as no commands require it. 
[36mINFO[0m[0000] Taking snapshot of full filesystem...        
[36mINFO[0m[0000] EXPOSE 8080                                  
[36mINFO[0m[0000] cmd: EXPOSE                                  
[36mINFO[0m[0000] Adding exposed port: 8080/tcp                
[36mINFO[0m[0000] No files changed in this command, skipping snapshotting. 
[36mINFO[0m[0000] ENTRYPOINT ["/golang-http-0926"]             
[36mINFO[0m[0000] No files changed in this command, skipping snapshotting. 
[36mINFO[0m[0000] Using files from context: [/workspace/source/bin] 
[36mINFO[0m[0000] COPY ./bin/ /                                
[36mINFO[0m[0000] Taking snapshot of files...                  
2019/09/26 04:41:20 pushed blob: sha256:8e1889f081a56cfd3c7d997664f52ed5793e9dad01717fc4dc81d1ee8e025f29
2019/09/26 04:41:20 pushed blob: sha256:9160825d44db613f520dc206f71238db16d20a375338101aa621a2dbd51bfc3e
2019/09/26 04:41:20 9.46.76.93:5000/**/**********/golang-http-0926:0.0.2: digest: sha256:10e8cb74f39c85193000807dcaed6786f7e1fc81f82256f851a5667fb0e4f944 size: 428

Showing logs for build [32mdove-young-golang-http-0926-mas-rv84d-2[0m stage [32mfrom-build-pack[0m and container [32mstep-build-post-build[0m
no CVE provider running in the current ** namespace so skip adding image to be analysed

Showing logs for build [32mdove-young-golang-http-0926-mas-rv84d-2[0m stage [32mfrom-build-pack[0m and container [32mstep-promote-changelog[0m
Converted /workspace/source/charts/golang-http-0926 to an unshallow repository
Generating change log from git ref 8c722d758d79c1bfdfac74d02b70b384d99a08d7 => bcd742ca2542f7121a21ddc98df9c645aba68b37
WARNING: No release found for **********/golang-http-0926 and tag v0.0.2 so creating a new release
Updated the release information at https://github.com/**********/golang-http-0926/releases/tag/v0.0.2
generated: /workspace/source/charts/golang-http-0926/templates/release.yaml
Created Release golang-http-0926-0-0-2 resource in namespace **
Updating PipelineActivity **********-golang-http-0926-master-2 with version 0.0.2
Updated PipelineActivities **********-golang-http-0926-master-2 with release notes URL: https://github.com/**********/golang-http-0926/releases/tag/v0.0.2

Showing logs for build [32mdove-young-golang-http-0926-mas-rv84d-2[0m stage [32mfrom-build-pack[0m and container [32mstep-promote-helm-release[0m
WARNING: No $CHART_REPOSITORY defined so using the default value of: http://jenkins-x-chartmuseum:8080
Adding missing Helm repo: storage.googleapis.com https://storage.googleapis.com/chartmuseum.jenkins-x.io
Successfully added Helm repository storage.googleapis.com.
Adding missing Helm repo: jenkins-x-chartmuseum http://jenkins-x-chartmuseum:8080
Successfully added Helm repository jenkins-x-chartmuseum.
WARNING: No $CHART_REPOSITORY defined so using the default value of: http://jenkins-x-chartmuseum:8080
Uploading chart file golang-http-0926-0.0.2.tgz to http://jenkins-x-chartmuseum:8080/api/charts
Received 201 response: {"saved":true}

Showing logs for build [32mdove-young-golang-http-0926-mas-rv84d-2[0m stage [32mfrom-build-pack[0m and container [32mstep-promote-jx-promote[0m
WARNING: prow based install so skip waiting for the merge of Pull Requests to go green as currently there is an issue with gettingstatuses from the PR, see https://github.com/jenkins-x/**/issues/2410
Promoting app golang-http-0926 version 0.0.2 to namespace **-staging
Created Pull Request: https://github.com/**********/environment-napedark-staging/pull/1
WARNING: Failed to query the Pull Request last commit status for https://github.com/**********/environment-napedark-staging/pull/1 ref ef36372de217c007dbcd30aaab630bfde26cabfb Could not find a status for repository **********/environment-napedark-staging with ref ef36372de217c007dbcd30aaab630bfde26cabfb
Pull Request https://github.com/**********/environment-napedark-staging/pull/1 is merged at sha e74a1217404fa43a9946e40657f48319f0b9b5a9
Pull Request merged but we are not waiting for the update pipeline to complete!
WARNING: Could not find the service URL in namespace **-staging for names golang-http-0926, **-golang-http-0926, **-staging-golang-http-0926
